<?xml version="1.0" encoding="UTF-8"?>
<!-- Generated by org.testng.reporters.JUnitReportReporter -->
<testsuite hostname="KARTIK-SHARMA" failures="0" tests="3" name="com.tests.SignInTest" time="27.110" errors="0" timestamp="2025-06-04T18:11:20 IST" skipped="0">
  <testcase classname="com.tests.SignInTest" name="loginWithValidCredentials" time="11.267"/>
  <testcase classname="com.tests.SignInTest" name="loginWithInvalidCredentials" time="8.392"/>
  <testcase classname="com.tests.SignInTest" name="loginWithEmptyFields" time="7.451"/>
</testsuite> <!-- com.tests.SignInTest -->
