<?xml version="1.0" encoding="UTF-8"?>
<!-- Generated by org.testng.reporters.JUnitReportReporter -->
<testsuite hostname="DESKTOP-D36MUAQ" failures="0" tests="3" name="com.tests.SignInTest" time="37.942" errors="0" timestamp="2025-06-06T09:36:40 IST" skipped="0">
  <testcase classname="com.tests.SignInTest" name="loginWithValidCredentials" time="22.102"/>
  <testcase classname="com.tests.SignInTest" name="loginWithInvalidCredentials" time="8.025"/>
  <testcase classname="com.tests.SignInTest" name="loginWithEmptyFields" time="7.815"/>
</testsuite> <!-- com.tests.SignInTest -->
